2019-02-25 11:56:24,327 DEBUG    root            Loaded Command Group: [u'gcloud', u'auth']
2019-02-25 11:56:24,337 DEBUG    root            Loaded Command Group: [u'gcloud', u'auth', u'login']
2019-02-25 11:56:24,340 DEBUG    root            Running [gcloud.auth.login] with arguments: []
2019-02-25 11:56:26,531 INFO     ___FILE_ONLY___ Your browser has been opened to visit:

    https://accounts.google.com/o/oauth2/auth?redirect_uri=http%3A%2F%2Flocalhost%3A8085%2F&prompt=select_account&response_type=code&client_id=32555940559.apps.googleusercontent.com&scope=https%3A%2F%2Fwww.googleapis.com%2Fauth%2Fuserinfo.email+https%3A%2F%2Fwww.googleapis.com%2Fauth%2Fcloud-platform+https%3A%2F%2Fwww.googleapis.com%2Fauth%2Fappengine.admin+https%3A%2F%2Fwww.googleapis.com%2Fauth%2Fcompute+https%3A%2F%2Fwww.googleapis.com%2Fauth%2Faccounts.reauth&access_type=offline



2019-02-25 11:56:38,561 INFO     oauth2client.client Successfully retrieved access token
2019-02-25 11:56:38,576 WARNING  root            `gcloud auth login` no longer writes application default credentials.
If you need to use ADC, see:
  gcloud auth application-default --help
2019-02-25 11:56:38,579 INFO     ___FILE_ONLY___ 
You are now logged in as [j@ionlights.com].
Your current project is [golden-starcraft].  You can change this setting by running:
  $ gcloud config set project PROJECT_ID

2019-02-25 11:56:38,581 INFO     root            Display format: "none"
2019-02-25 11:56:38,587 DEBUG    root            Checking for updates...
2019-02-25 11:56:39,787 DEBUG    root            Updating notification cache...
2019-02-25 11:56:39,787 DEBUG    root            Activating notification: [default]
2019-02-25 11:56:39,787 INFO     ___FILE_ONLY___ 

Updates are available for some Cloud SDK components.  To install them,
please run:
  $ gcloud components update


