2019-02-17 18:31:42,475 DEBUG    root            Running [gcloud] with arguments: [-h: "None"]
2019-02-17 18:31:42,476 DEBUG    root            No implementation for release track [GA] for element: [/Users/ionlights/Downloads/google-cloud-sdk/lib/surface/tasks]
2019-02-17 18:31:42,488 DEBUG    root            Loaded Command Group: [u'gcloud', u'feedback']
2019-02-17 18:31:42,489 DEBUG    root            No implementation for release track [GA] for element: [/Users/ionlights/Downloads/google-cloud-sdk/lib/surface/storage]
2019-02-17 18:31:42,490 DEBUG    root            Loaded Command Group: [u'gcloud', u'app']
2019-02-17 18:31:42,495 DEBUG    root            No implementation for release track [GA] for element: [/Users/ionlights/Downloads/google-cloud-sdk/lib/surface/access_context_manager]
2019-02-17 18:31:42,497 DEBUG    root            Loaded Command Group: [u'gcloud', u'services']
2019-02-17 18:31:42,504 DEBUG    root            Loaded Command Group: [u'gcloud', u'projects']
2019-02-17 18:31:42,507 DEBUG    root            Loaded Command Group: [u'gcloud', u'meta']
2019-02-17 18:31:42,511 DEBUG    root            Loaded Command Group: [u'gcloud', u'composer']
2019-02-17 18:31:42,513 DEBUG    root            Loaded Command Group: [u'gcloud', u'datastore']
2019-02-17 18:31:42,532 DEBUG    root            Loaded Command Group: [u'gcloud', u'help']
2019-02-17 18:31:42,534 DEBUG    root            Loaded Command Group: [u'gcloud', u'iam']
2019-02-17 18:31:42,538 DEBUG    root            No implementation for release track [GA] for element: [/Users/ionlights/Downloads/google-cloud-sdk/lib/surface/genomics]
2019-02-17 18:31:42,542 DEBUG    root            Loaded Command Group: [u'gcloud', u'functions']
2019-02-17 18:31:42,544 DEBUG    root            No implementation for release track [GA] for element: [/Users/ionlights/Downloads/google-cloud-sdk/lib/surface/monitoring]
2019-02-17 18:31:42,546 DEBUG    root            No implementation for release track [GA] for element: [/Users/ionlights/Downloads/google-cloud-sdk/lib/surface/billing]
2019-02-17 18:31:42,547 DEBUG    root            Loaded Command Group: [u'gcloud', u'redis']
2019-02-17 18:31:42,850 DEBUG    root            No implementation for release track [GA] for element: [/Users/ionlights/Downloads/google-cloud-sdk/lib/surface/interactive]
2019-02-17 18:31:42,852 DEBUG    root            Loaded Command Group: [u'gcloud', u'source']
2019-02-17 18:31:42,861 DEBUG    root            Loaded Command Group: [u'gcloud', u'init']
2019-02-17 18:31:42,863 DEBUG    root            No implementation for release track [GA] for element: [/Users/ionlights/Downloads/google-cloud-sdk/lib/surface/dlp]
2019-02-17 18:31:42,865 DEBUG    root            Loaded Command Group: [u'gcloud', u'kms']
2019-02-17 18:31:42,874 DEBUG    root            No implementation for release track [GA] for element: [/Users/ionlights/Downloads/google-cloud-sdk/lib/surface/asset]
2019-02-17 18:31:42,875 DEBUG    root            Loaded Command Group: [u'gcloud', u'dns']
2019-02-17 18:31:42,931 DEBUG    root            Loaded Command Group: [u'gcloud', u'compute']
2019-02-17 18:31:42,951 DEBUG    root            Loaded Command Group: [u'gcloud', u'config']
2019-02-17 18:31:42,954 DEBUG    root            No implementation for release track [GA] for element: [/Users/ionlights/Downloads/google-cloud-sdk/lib/surface/resources]
2019-02-17 18:31:42,955 DEBUG    root            No implementation for release track [GA] for element: [/Users/ionlights/Downloads/google-cloud-sdk/lib/surface/cloud_shell]
2019-02-17 18:31:42,959 DEBUG    root            Loaded Command Group: [u'gcloud', u'info']
2019-02-17 18:31:42,962 DEBUG    root            No implementation for release track [GA] for element: [/Users/ionlights/Downloads/google-cloud-sdk/lib/surface/run]
2019-02-17 18:31:42,963 DEBUG    root            Loaded Command Group: [u'gcloud', u'components']
2019-02-17 18:31:42,967 DEBUG    root            Loaded Command Group: [u'gcloud', u'organizations']
2019-02-17 18:31:42,970 DEBUG    root            Loaded Command Group: [u'gcloud', u'dataproc']
2019-02-17 18:31:43,040 DEBUG    root            Loaded Command Group: [u'gcloud', u'ml_engine']
2019-02-17 18:31:43,051 DEBUG    root            Loaded Command Group: [u'gcloud', u'iot']
2019-02-17 18:31:43,054 DEBUG    root            No implementation for release track [GA] for element: [/Users/ionlights/Downloads/google-cloud-sdk/lib/surface/emulators]
2019-02-17 18:31:43,055 DEBUG    root            Loaded Command Group: [u'gcloud', u'auth']
2019-02-17 18:31:43,068 DEBUG    root            Loaded Command Group: [u'gcloud', u'debug']
2019-02-17 18:31:43,072 DEBUG    root            Loaded Command Group: [u'gcloud', u'firebase']
2019-02-17 18:31:43,075 DEBUG    root            Loaded Command Group: [u'gcloud', u'filestore']
2019-02-17 18:31:43,080 DEBUG    root            No implementation for release track [GA] for element: [/Users/ionlights/Downloads/google-cloud-sdk/lib/surface/bq]
2019-02-17 18:31:43,081 DEBUG    root            No implementation for release track [GA] for element: [/Users/ionlights/Downloads/google-cloud-sdk/lib/surface/scheduler]
2019-02-17 18:31:43,082 DEBUG    root            Loaded Command Group: [u'gcloud', u'sql']
2019-02-17 18:31:43,090 DEBUG    root            Loaded Command Group: [u'gcloud', u'spanner']
2019-02-17 18:31:43,124 DEBUG    root            Loaded Command Group: [u'gcloud', u'container']
2019-02-17 18:31:43,130 DEBUG    root            Loaded Command Group: [u'gcloud', u'version']
2019-02-17 18:31:43,132 DEBUG    root            Loaded Command Group: [u'gcloud', u'bigtable']
2019-02-17 18:31:43,135 DEBUG    root            No implementation for release track [GA] for element: [/Users/ionlights/Downloads/google-cloud-sdk/lib/surface/resource_manager]
2019-02-17 18:31:43,136 DEBUG    root            Loaded Command Group: [u'gcloud', u'topic']
2019-02-17 18:31:43,140 DEBUG    root            Loaded Command Group: [u'gcloud', u'logging']
2019-02-17 18:31:43,148 DEBUG    root            Loaded Command Group: [u'gcloud', u'builds']
2019-02-17 18:31:43,152 DEBUG    root            Loaded Command Group: [u'gcloud', u'service_management']
2019-02-17 18:31:43,156 DEBUG    root            Loaded Command Group: [u'gcloud', u'dataflow']
2019-02-17 18:31:43,159 DEBUG    root            Loaded Command Group: [u'gcloud', u'ml']
2019-02-17 18:31:43,162 DEBUG    root            No implementation for release track [GA] for element: [/Users/ionlights/Downloads/google-cloud-sdk/lib/surface/remote_build_execution]
2019-02-17 18:31:43,165 DEBUG    root            No implementation for release track [GA] for element: [/Users/ionlights/Downloads/google-cloud-sdk/lib/surface/runtime_config]
2019-02-17 18:31:43,166 DEBUG    root            No implementation for release track [GA] for element: [/Users/ionlights/Downloads/google-cloud-sdk/lib/surface/search_help]
2019-02-17 18:31:43,174 DEBUG    root            No implementation for release track [GA] for element: [/Users/ionlights/Downloads/google-cloud-sdk/lib/surface/survey]
2019-02-17 18:31:43,175 DEBUG    root            No implementation for release track [GA] for element: [/Users/ionlights/Downloads/google-cloud-sdk/lib/surface/error_reporting]
2019-02-17 18:31:43,177 DEBUG    root            Loaded Command Group: [u'gcloud', u'domains']
2019-02-17 18:31:43,189 DEBUG    root            Loaded Command Group: [u'gcloud', u'docker']
2019-02-17 18:31:43,192 DEBUG    root            Loaded Command Group: [u'gcloud', u'endpoints']
2019-02-17 18:31:43,195 DEBUG    root            Loaded Command Group: [u'gcloud', u'pubsub']
2019-02-17 18:31:43,199 DEBUG    root            No implementation for release track [GA] for element: [/Users/ionlights/Downloads/google-cloud-sdk/lib/surface/firestore]
2019-02-17 18:31:43,200 DEBUG    root            Loaded Command Group: [u'gcloud', u'deployment_manager']
2019-02-17 18:31:43,204 INFO     ___FILE_ONLY___ Usage: gcloud [optional flags] <group | command>
  group may be           app | auth | bigtable | builds | components |
                         composer | compute | config | container | dataflow |
                         dataproc | datastore | debug | deployment-manager |
                         dns | domains | endpoints | filestore | firebase |
                         functions | iam | iot | kms | logging | ml |
                         ml-engine | organizations | projects | pubsub | redis |
                         services | source | spanner | sql | topic
  command may be         docker | feedback | help | info | init | version

For detailed information on this command and its flags, run:
  gcloud --help

