2019-02-14 22:51:47,807 DEBUG    root            Loaded Command Group: [u'gcloud', u'components']
2019-02-14 22:51:47,814 DEBUG    root            Loaded Command Group: [u'gcloud', u'components', u'list']
2019-02-14 22:51:47,818 DEBUG    root            Running [gcloud.components.list] with arguments: [--quiet: "True"]
2019-02-14 22:51:48,151 INFO     ___FILE_ONLY___ 
Your current Cloud SDK version is: 234.0.0

2019-02-14 22:51:48,151 INFO     ___FILE_ONLY___ The latest available version is: 234.0.0

2019-02-14 22:51:48,151 INFO     ___FILE_ONLY___ 

2019-02-14 22:51:48,153 INFO     root            Display format: "table[box,title="Components"](state.name:label=Status,name:label=Name,id:label=ID,size.size(zero="",min=1048576):label=Size:align=right)"
2019-02-14 22:51:48,164 INFO     ___FILE_ONLY___ ┌─────────────────────────────────────────────────────────────────────────────────────────────────────────────┐
2019-02-14 22:51:48,164 INFO     ___FILE_ONLY___ 

2019-02-14 22:51:48,164 INFO     ___FILE_ONLY___ │                                                  Components                                                 │
2019-02-14 22:51:48,164 INFO     ___FILE_ONLY___ 

2019-02-14 22:51:48,164 INFO     ___FILE_ONLY___ ├───────────────┬──────────────────────────────────────────────────────┬──────────────────────────┬───────────┤
2019-02-14 22:51:48,165 INFO     ___FILE_ONLY___ 

2019-02-14 22:51:48,165 INFO     ___FILE_ONLY___ │     Status    │                         Name                         │            ID            │    Size   │
2019-02-14 22:51:48,165 INFO     ___FILE_ONLY___ 

2019-02-14 22:51:48,165 INFO     ___FILE_ONLY___ ├───────────────┼──────────────────────────────────────────────────────┼──────────────────────────┼───────────┤
2019-02-14 22:51:48,165 INFO     ___FILE_ONLY___ 

2019-02-14 22:51:48,165 INFO     ___FILE_ONLY___ │ 
2019-02-14 22:51:48,165 INFO     ___FILE_ONLY___ Not Installed
2019-02-14 22:51:48,165 INFO     ___FILE_ONLY___  
2019-02-14 22:51:48,166 INFO     ___FILE_ONLY___ │ 
2019-02-14 22:51:48,166 INFO     ___FILE_ONLY___ App Engine Go Extensions                            
2019-02-14 22:51:48,166 INFO     ___FILE_ONLY___  
2019-02-14 22:51:48,166 INFO     ___FILE_ONLY___ │ 
2019-02-14 22:51:48,166 INFO     ___FILE_ONLY___ app-engine-go           
2019-02-14 22:51:48,166 INFO     ___FILE_ONLY___  
2019-02-14 22:51:48,166 INFO     ___FILE_ONLY___ │ 
2019-02-14 22:51:48,166 INFO     ___FILE_ONLY___  56.4 MiB
2019-02-14 22:51:48,166 INFO     ___FILE_ONLY___  
2019-02-14 22:51:48,166 INFO     ___FILE_ONLY___ │
2019-02-14 22:51:48,166 INFO     ___FILE_ONLY___ 

2019-02-14 22:51:48,166 INFO     ___FILE_ONLY___ │ 
2019-02-14 22:51:48,167 INFO     ___FILE_ONLY___ Not Installed
2019-02-14 22:51:48,167 INFO     ___FILE_ONLY___  
2019-02-14 22:51:48,167 INFO     ___FILE_ONLY___ │ 
2019-02-14 22:51:48,167 INFO     ___FILE_ONLY___ Cloud Bigtable Command Line Tool                    
2019-02-14 22:51:48,167 INFO     ___FILE_ONLY___  
2019-02-14 22:51:48,167 INFO     ___FILE_ONLY___ │ 
2019-02-14 22:51:48,167 INFO     ___FILE_ONLY___ cbt                     
2019-02-14 22:51:48,167 INFO     ___FILE_ONLY___  
2019-02-14 22:51:48,167 INFO     ___FILE_ONLY___ │ 
2019-02-14 22:51:48,167 INFO     ___FILE_ONLY___   6.3 MiB
2019-02-14 22:51:48,167 INFO     ___FILE_ONLY___  
2019-02-14 22:51:48,167 INFO     ___FILE_ONLY___ │
2019-02-14 22:51:48,167 INFO     ___FILE_ONLY___ 

2019-02-14 22:51:48,168 INFO     ___FILE_ONLY___ │ 
2019-02-14 22:51:48,168 INFO     ___FILE_ONLY___ Not Installed
2019-02-14 22:51:48,168 INFO     ___FILE_ONLY___  
2019-02-14 22:51:48,168 INFO     ___FILE_ONLY___ │ 
2019-02-14 22:51:48,168 INFO     ___FILE_ONLY___ Cloud Bigtable Emulator                             
2019-02-14 22:51:48,168 INFO     ___FILE_ONLY___  
2019-02-14 22:51:48,168 INFO     ___FILE_ONLY___ │ 
2019-02-14 22:51:48,168 INFO     ___FILE_ONLY___ bigtable                
2019-02-14 22:51:48,168 INFO     ___FILE_ONLY___  
2019-02-14 22:51:48,169 INFO     ___FILE_ONLY___ │ 
2019-02-14 22:51:48,169 INFO     ___FILE_ONLY___   5.6 MiB
2019-02-14 22:51:48,169 INFO     ___FILE_ONLY___  
2019-02-14 22:51:48,169 INFO     ___FILE_ONLY___ │
2019-02-14 22:51:48,169 INFO     ___FILE_ONLY___ 

2019-02-14 22:51:48,169 INFO     ___FILE_ONLY___ │ 
2019-02-14 22:51:48,169 INFO     ___FILE_ONLY___ Not Installed
2019-02-14 22:51:48,169 INFO     ___FILE_ONLY___  
2019-02-14 22:51:48,169 INFO     ___FILE_ONLY___ │ 
2019-02-14 22:51:48,169 INFO     ___FILE_ONLY___ Cloud Datalab Command Line Tool                     
2019-02-14 22:51:48,170 INFO     ___FILE_ONLY___  
2019-02-14 22:51:48,170 INFO     ___FILE_ONLY___ │ 
2019-02-14 22:51:48,170 INFO     ___FILE_ONLY___ datalab                 
2019-02-14 22:51:48,170 INFO     ___FILE_ONLY___  
2019-02-14 22:51:48,170 INFO     ___FILE_ONLY___ │ 
2019-02-14 22:51:48,170 INFO     ___FILE_ONLY___   < 1 MiB
2019-02-14 22:51:48,170 INFO     ___FILE_ONLY___  
2019-02-14 22:51:48,170 INFO     ___FILE_ONLY___ │
2019-02-14 22:51:48,170 INFO     ___FILE_ONLY___ 

2019-02-14 22:51:48,170 INFO     ___FILE_ONLY___ │ 
2019-02-14 22:51:48,170 INFO     ___FILE_ONLY___ Not Installed
2019-02-14 22:51:48,171 INFO     ___FILE_ONLY___  
2019-02-14 22:51:48,171 INFO     ___FILE_ONLY___ │ 
2019-02-14 22:51:48,171 INFO     ___FILE_ONLY___ Cloud Datastore Emulator                            
2019-02-14 22:51:48,171 INFO     ___FILE_ONLY___  
2019-02-14 22:51:48,171 INFO     ___FILE_ONLY___ │ 
2019-02-14 22:51:48,171 INFO     ___FILE_ONLY___ cloud-datastore-emulator
2019-02-14 22:51:48,171 INFO     ___FILE_ONLY___  
2019-02-14 22:51:48,171 INFO     ___FILE_ONLY___ │ 
2019-02-14 22:51:48,171 INFO     ___FILE_ONLY___  18.4 MiB
2019-02-14 22:51:48,171 INFO     ___FILE_ONLY___  
2019-02-14 22:51:48,171 INFO     ___FILE_ONLY___ │
2019-02-14 22:51:48,171 INFO     ___FILE_ONLY___ 

2019-02-14 22:51:48,171 INFO     ___FILE_ONLY___ │ 
2019-02-14 22:51:48,172 INFO     ___FILE_ONLY___ Not Installed
2019-02-14 22:51:48,172 INFO     ___FILE_ONLY___  
2019-02-14 22:51:48,172 INFO     ___FILE_ONLY___ │ 
2019-02-14 22:51:48,172 INFO     ___FILE_ONLY___ Cloud Datastore Emulator (Legacy)                   
2019-02-14 22:51:48,172 INFO     ___FILE_ONLY___  
2019-02-14 22:51:48,172 INFO     ___FILE_ONLY___ │ 
2019-02-14 22:51:48,172 INFO     ___FILE_ONLY___ gcd-emulator            
2019-02-14 22:51:48,172 INFO     ___FILE_ONLY___  
2019-02-14 22:51:48,173 INFO     ___FILE_ONLY___ │ 
2019-02-14 22:51:48,173 INFO     ___FILE_ONLY___  38.1 MiB
2019-02-14 22:51:48,173 INFO     ___FILE_ONLY___  
2019-02-14 22:51:48,173 INFO     ___FILE_ONLY___ │
2019-02-14 22:51:48,173 INFO     ___FILE_ONLY___ 

2019-02-14 22:51:48,173 INFO     ___FILE_ONLY___ │ 
2019-02-14 22:51:48,173 INFO     ___FILE_ONLY___ Not Installed
2019-02-14 22:51:48,173 INFO     ___FILE_ONLY___  
2019-02-14 22:51:48,173 INFO     ___FILE_ONLY___ │ 
2019-02-14 22:51:48,174 INFO     ___FILE_ONLY___ Cloud Firestore Emulator                            
2019-02-14 22:51:48,174 INFO     ___FILE_ONLY___  
2019-02-14 22:51:48,174 INFO     ___FILE_ONLY___ │ 
2019-02-14 22:51:48,174 INFO     ___FILE_ONLY___ cloud-firestore-emulator
2019-02-14 22:51:48,174 INFO     ___FILE_ONLY___  
2019-02-14 22:51:48,174 INFO     ___FILE_ONLY___ │ 
2019-02-14 22:51:48,174 INFO     ___FILE_ONLY___  32.1 MiB
2019-02-14 22:51:48,174 INFO     ___FILE_ONLY___  
2019-02-14 22:51:48,174 INFO     ___FILE_ONLY___ │
2019-02-14 22:51:48,174 INFO     ___FILE_ONLY___ 

2019-02-14 22:51:48,174 INFO     ___FILE_ONLY___ │ 
2019-02-14 22:51:48,175 INFO     ___FILE_ONLY___ Not Installed
2019-02-14 22:51:48,175 INFO     ___FILE_ONLY___  
2019-02-14 22:51:48,175 INFO     ___FILE_ONLY___ │ 
2019-02-14 22:51:48,175 INFO     ___FILE_ONLY___ Cloud Pub/Sub Emulator                              
2019-02-14 22:51:48,175 INFO     ___FILE_ONLY___  
2019-02-14 22:51:48,175 INFO     ___FILE_ONLY___ │ 
2019-02-14 22:51:48,175 INFO     ___FILE_ONLY___ pubsub-emulator         
2019-02-14 22:51:48,175 INFO     ___FILE_ONLY___  
2019-02-14 22:51:48,175 INFO     ___FILE_ONLY___ │ 
2019-02-14 22:51:48,175 INFO     ___FILE_ONLY___  33.4 MiB
2019-02-14 22:51:48,175 INFO     ___FILE_ONLY___  
2019-02-14 22:51:48,175 INFO     ___FILE_ONLY___ │
2019-02-14 22:51:48,175 INFO     ___FILE_ONLY___ 

2019-02-14 22:51:48,176 INFO     ___FILE_ONLY___ │ 
2019-02-14 22:51:48,176 INFO     ___FILE_ONLY___ Not Installed
2019-02-14 22:51:48,176 INFO     ___FILE_ONLY___  
2019-02-14 22:51:48,176 INFO     ___FILE_ONLY___ │ 
2019-02-14 22:51:48,176 INFO     ___FILE_ONLY___ Cloud SQL Proxy                                     
2019-02-14 22:51:48,176 INFO     ___FILE_ONLY___  
2019-02-14 22:51:48,176 INFO     ___FILE_ONLY___ │ 
2019-02-14 22:51:48,176 INFO     ___FILE_ONLY___ cloud_sql_proxy         
2019-02-14 22:51:48,176 INFO     ___FILE_ONLY___  
2019-02-14 22:51:48,176 INFO     ___FILE_ONLY___ │ 
2019-02-14 22:51:48,176 INFO     ___FILE_ONLY___   3.7 MiB
2019-02-14 22:51:48,176 INFO     ___FILE_ONLY___  
2019-02-14 22:51:48,177 INFO     ___FILE_ONLY___ │
2019-02-14 22:51:48,177 INFO     ___FILE_ONLY___ 

2019-02-14 22:51:48,177 INFO     ___FILE_ONLY___ │ 
2019-02-14 22:51:48,177 INFO     ___FILE_ONLY___ Not Installed
2019-02-14 22:51:48,177 INFO     ___FILE_ONLY___  
2019-02-14 22:51:48,177 INFO     ___FILE_ONLY___ │ 
2019-02-14 22:51:48,177 INFO     ___FILE_ONLY___ Emulator Reverse Proxy                              
2019-02-14 22:51:48,177 INFO     ___FILE_ONLY___  
2019-02-14 22:51:48,177 INFO     ___FILE_ONLY___ │ 
2019-02-14 22:51:48,177 INFO     ___FILE_ONLY___ emulator-reverse-proxy  
2019-02-14 22:51:48,178 INFO     ___FILE_ONLY___  
2019-02-14 22:51:48,178 INFO     ___FILE_ONLY___ │ 
2019-02-14 22:51:48,178 INFO     ___FILE_ONLY___  14.5 MiB
2019-02-14 22:51:48,178 INFO     ___FILE_ONLY___  
2019-02-14 22:51:48,178 INFO     ___FILE_ONLY___ │
2019-02-14 22:51:48,178 INFO     ___FILE_ONLY___ 

2019-02-14 22:51:48,178 INFO     ___FILE_ONLY___ │ 
2019-02-14 22:51:48,179 INFO     ___FILE_ONLY___ Not Installed
2019-02-14 22:51:48,179 INFO     ___FILE_ONLY___  
2019-02-14 22:51:48,179 INFO     ___FILE_ONLY___ │ 
2019-02-14 22:51:48,179 INFO     ___FILE_ONLY___ Google Cloud Build Local Builder                    
2019-02-14 22:51:48,179 INFO     ___FILE_ONLY___  
2019-02-14 22:51:48,179 INFO     ___FILE_ONLY___ │ 
2019-02-14 22:51:48,180 INFO     ___FILE_ONLY___ cloud-build-local       
2019-02-14 22:51:48,180 INFO     ___FILE_ONLY___  
2019-02-14 22:51:48,180 INFO     ___FILE_ONLY___ │ 
2019-02-14 22:51:48,180 INFO     ___FILE_ONLY___   5.9 MiB
2019-02-14 22:51:48,180 INFO     ___FILE_ONLY___  
2019-02-14 22:51:48,180 INFO     ___FILE_ONLY___ │
2019-02-14 22:51:48,180 INFO     ___FILE_ONLY___ 

2019-02-14 22:51:48,181 INFO     ___FILE_ONLY___ │ 
2019-02-14 22:51:48,183 INFO     ___FILE_ONLY___ Not Installed
2019-02-14 22:51:48,184 INFO     ___FILE_ONLY___  
2019-02-14 22:51:48,184 INFO     ___FILE_ONLY___ │ 
2019-02-14 22:51:48,184 INFO     ___FILE_ONLY___ Google Container Registry's Docker credential helper
2019-02-14 22:51:48,184 INFO     ___FILE_ONLY___  
2019-02-14 22:51:48,184 INFO     ___FILE_ONLY___ │ 
2019-02-14 22:51:48,186 INFO     ___FILE_ONLY___ docker-credential-gcr   
2019-02-14 22:51:48,186 INFO     ___FILE_ONLY___  
2019-02-14 22:51:48,186 INFO     ___FILE_ONLY___ │ 
2019-02-14 22:51:48,186 INFO     ___FILE_ONLY___   1.8 MiB
2019-02-14 22:51:48,186 INFO     ___FILE_ONLY___  
2019-02-14 22:51:48,186 INFO     ___FILE_ONLY___ │
2019-02-14 22:51:48,187 INFO     ___FILE_ONLY___ 

2019-02-14 22:51:48,187 INFO     ___FILE_ONLY___ │ 
2019-02-14 22:51:48,187 INFO     ___FILE_ONLY___ Not Installed
2019-02-14 22:51:48,188 INFO     ___FILE_ONLY___  
2019-02-14 22:51:48,188 INFO     ___FILE_ONLY___ │ 
2019-02-14 22:51:48,188 INFO     ___FILE_ONLY___ gcloud Alpha Commands                               
2019-02-14 22:51:48,188 INFO     ___FILE_ONLY___  
2019-02-14 22:51:48,188 INFO     ___FILE_ONLY___ │ 
2019-02-14 22:51:48,188 INFO     ___FILE_ONLY___ alpha                   
2019-02-14 22:51:48,188 INFO     ___FILE_ONLY___  
2019-02-14 22:51:48,189 INFO     ___FILE_ONLY___ │ 
2019-02-14 22:51:48,189 INFO     ___FILE_ONLY___   < 1 MiB
2019-02-14 22:51:48,189 INFO     ___FILE_ONLY___  
2019-02-14 22:51:48,189 INFO     ___FILE_ONLY___ │
2019-02-14 22:51:48,189 INFO     ___FILE_ONLY___ 

2019-02-14 22:51:48,189 INFO     ___FILE_ONLY___ │ 
2019-02-14 22:51:48,189 INFO     ___FILE_ONLY___ Not Installed
2019-02-14 22:51:48,189 INFO     ___FILE_ONLY___  
2019-02-14 22:51:48,190 INFO     ___FILE_ONLY___ │ 
2019-02-14 22:51:48,190 INFO     ___FILE_ONLY___ gcloud Beta Commands                                
2019-02-14 22:51:48,190 INFO     ___FILE_ONLY___  
2019-02-14 22:51:48,190 INFO     ___FILE_ONLY___ │ 
2019-02-14 22:51:48,190 INFO     ___FILE_ONLY___ beta                    
2019-02-14 22:51:48,190 INFO     ___FILE_ONLY___  
2019-02-14 22:51:48,190 INFO     ___FILE_ONLY___ │ 
2019-02-14 22:51:48,190 INFO     ___FILE_ONLY___   < 1 MiB
2019-02-14 22:51:48,191 INFO     ___FILE_ONLY___  
2019-02-14 22:51:48,191 INFO     ___FILE_ONLY___ │
2019-02-14 22:51:48,191 INFO     ___FILE_ONLY___ 

2019-02-14 22:51:48,191 INFO     ___FILE_ONLY___ │ 
2019-02-14 22:51:48,191 INFO     ___FILE_ONLY___ Not Installed
2019-02-14 22:51:48,191 INFO     ___FILE_ONLY___  
2019-02-14 22:51:48,191 INFO     ___FILE_ONLY___ │ 
2019-02-14 22:51:48,192 INFO     ___FILE_ONLY___ gcloud app Java Extensions                          
2019-02-14 22:51:48,192 INFO     ___FILE_ONLY___  
2019-02-14 22:51:48,192 INFO     ___FILE_ONLY___ │ 
2019-02-14 22:51:48,192 INFO     ___FILE_ONLY___ app-engine-java         
2019-02-14 22:51:48,192 INFO     ___FILE_ONLY___  
2019-02-14 22:51:48,192 INFO     ___FILE_ONLY___ │ 
2019-02-14 22:51:48,192 INFO     ___FILE_ONLY___ 107.5 MiB
2019-02-14 22:51:48,193 INFO     ___FILE_ONLY___  
2019-02-14 22:51:48,193 INFO     ___FILE_ONLY___ │
2019-02-14 22:51:48,194 INFO     ___FILE_ONLY___ 

2019-02-14 22:51:48,194 INFO     ___FILE_ONLY___ │ 
2019-02-14 22:51:48,194 INFO     ___FILE_ONLY___ Not Installed
2019-02-14 22:51:48,194 INFO     ___FILE_ONLY___  
2019-02-14 22:51:48,194 INFO     ___FILE_ONLY___ │ 
2019-02-14 22:51:48,194 INFO     ___FILE_ONLY___ gcloud app PHP Extensions                           
2019-02-14 22:51:48,195 INFO     ___FILE_ONLY___  
2019-02-14 22:51:48,195 INFO     ___FILE_ONLY___ │ 
2019-02-14 22:51:48,195 INFO     ___FILE_ONLY___ app-engine-php          
2019-02-14 22:51:48,195 INFO     ___FILE_ONLY___  
2019-02-14 22:51:48,195 INFO     ___FILE_ONLY___ │ 
2019-02-14 22:51:48,195 INFO     ___FILE_ONLY___  21.9 MiB
2019-02-14 22:51:48,195 INFO     ___FILE_ONLY___  
2019-02-14 22:51:48,195 INFO     ___FILE_ONLY___ │
2019-02-14 22:51:48,196 INFO     ___FILE_ONLY___ 

2019-02-14 22:51:48,196 INFO     ___FILE_ONLY___ │ 
2019-02-14 22:51:48,196 INFO     ___FILE_ONLY___ Not Installed
2019-02-14 22:51:48,196 INFO     ___FILE_ONLY___  
2019-02-14 22:51:48,196 INFO     ___FILE_ONLY___ │ 
2019-02-14 22:51:48,196 INFO     ___FILE_ONLY___ gcloud app Python Extensions                        
2019-02-14 22:51:48,196 INFO     ___FILE_ONLY___  
2019-02-14 22:51:48,196 INFO     ___FILE_ONLY___ │ 
2019-02-14 22:51:48,197 INFO     ___FILE_ONLY___ app-engine-python       
2019-02-14 22:51:48,197 INFO     ___FILE_ONLY___  
2019-02-14 22:51:48,197 INFO     ___FILE_ONLY___ │ 
2019-02-14 22:51:48,197 INFO     ___FILE_ONLY___   6.2 MiB
2019-02-14 22:51:48,197 INFO     ___FILE_ONLY___  
2019-02-14 22:51:48,197 INFO     ___FILE_ONLY___ │
2019-02-14 22:51:48,197 INFO     ___FILE_ONLY___ 

2019-02-14 22:51:48,197 INFO     ___FILE_ONLY___ │ 
2019-02-14 22:51:48,198 INFO     ___FILE_ONLY___ Not Installed
2019-02-14 22:51:48,198 INFO     ___FILE_ONLY___  
2019-02-14 22:51:48,198 INFO     ___FILE_ONLY___ │ 
2019-02-14 22:51:48,198 INFO     ___FILE_ONLY___ gcloud app Python Extensions (Extra Libraries)      
2019-02-14 22:51:48,198 INFO     ___FILE_ONLY___  
2019-02-14 22:51:48,198 INFO     ___FILE_ONLY___ │ 
2019-02-14 22:51:48,199 INFO     ___FILE_ONLY___ app-engine-python-extras
2019-02-14 22:51:48,199 INFO     ___FILE_ONLY___  
2019-02-14 22:51:48,199 INFO     ___FILE_ONLY___ │ 
2019-02-14 22:51:48,199 INFO     ___FILE_ONLY___  28.5 MiB
2019-02-14 22:51:48,199 INFO     ___FILE_ONLY___  
2019-02-14 22:51:48,199 INFO     ___FILE_ONLY___ │
2019-02-14 22:51:48,200 INFO     ___FILE_ONLY___ 

2019-02-14 22:51:48,200 INFO     ___FILE_ONLY___ │ 
2019-02-14 22:51:48,200 INFO     ___FILE_ONLY___ Not Installed
2019-02-14 22:51:48,200 INFO     ___FILE_ONLY___  
2019-02-14 22:51:48,200 INFO     ___FILE_ONLY___ │ 
2019-02-14 22:51:48,200 INFO     ___FILE_ONLY___ kubectl                                             
2019-02-14 22:51:48,200 INFO     ___FILE_ONLY___  
2019-02-14 22:51:48,201 INFO     ___FILE_ONLY___ │ 
2019-02-14 22:51:48,201 INFO     ___FILE_ONLY___ kubectl                 
2019-02-14 22:51:48,201 INFO     ___FILE_ONLY___  
2019-02-14 22:51:48,201 INFO     ___FILE_ONLY___ │ 
2019-02-14 22:51:48,201 INFO     ___FILE_ONLY___   < 1 MiB
2019-02-14 22:51:48,201 INFO     ___FILE_ONLY___  
2019-02-14 22:51:48,202 INFO     ___FILE_ONLY___ │
2019-02-14 22:51:48,202 INFO     ___FILE_ONLY___ 

2019-02-14 22:51:48,202 INFO     ___FILE_ONLY___ │ 
2019-02-14 22:51:48,202 INFO     ___FILE_ONLY___ Installed    
2019-02-14 22:51:48,202 INFO     ___FILE_ONLY___  
2019-02-14 22:51:48,203 INFO     ___FILE_ONLY___ │ 
2019-02-14 22:51:48,203 INFO     ___FILE_ONLY___ BigQuery Command Line Tool                          
2019-02-14 22:51:48,203 INFO     ___FILE_ONLY___  
2019-02-14 22:51:48,203 INFO     ___FILE_ONLY___ │ 
2019-02-14 22:51:48,203 INFO     ___FILE_ONLY___ bq                      
2019-02-14 22:51:48,203 INFO     ___FILE_ONLY___  
2019-02-14 22:51:48,203 INFO     ___FILE_ONLY___ │ 
2019-02-14 22:51:48,203 INFO     ___FILE_ONLY___   < 1 MiB
2019-02-14 22:51:48,203 INFO     ___FILE_ONLY___  
2019-02-14 22:51:48,204 INFO     ___FILE_ONLY___ │
2019-02-14 22:51:48,204 INFO     ___FILE_ONLY___ 

2019-02-14 22:51:48,204 INFO     ___FILE_ONLY___ │ 
2019-02-14 22:51:48,204 INFO     ___FILE_ONLY___ Installed    
2019-02-14 22:51:48,204 INFO     ___FILE_ONLY___  
2019-02-14 22:51:48,204 INFO     ___FILE_ONLY___ │ 
2019-02-14 22:51:48,204 INFO     ___FILE_ONLY___ Cloud SDK Core Libraries                            
2019-02-14 22:51:48,204 INFO     ___FILE_ONLY___  
2019-02-14 22:51:48,204 INFO     ___FILE_ONLY___ │ 
2019-02-14 22:51:48,204 INFO     ___FILE_ONLY___ core                    
2019-02-14 22:51:48,204 INFO     ___FILE_ONLY___  
2019-02-14 22:51:48,204 INFO     ___FILE_ONLY___ │ 
2019-02-14 22:51:48,205 INFO     ___FILE_ONLY___   9.5 MiB
2019-02-14 22:51:48,205 INFO     ___FILE_ONLY___  
2019-02-14 22:51:48,205 INFO     ___FILE_ONLY___ │
2019-02-14 22:51:48,205 INFO     ___FILE_ONLY___ 

2019-02-14 22:51:48,205 INFO     ___FILE_ONLY___ │ 
2019-02-14 22:51:48,205 INFO     ___FILE_ONLY___ Installed    
2019-02-14 22:51:48,205 INFO     ___FILE_ONLY___  
2019-02-14 22:51:48,205 INFO     ___FILE_ONLY___ │ 
2019-02-14 22:51:48,206 INFO     ___FILE_ONLY___ Cloud Storage Command Line Tool                     
2019-02-14 22:51:48,206 INFO     ___FILE_ONLY___  
2019-02-14 22:51:48,206 INFO     ___FILE_ONLY___ │ 
2019-02-14 22:51:48,206 INFO     ___FILE_ONLY___ gsutil                  
2019-02-14 22:51:48,206 INFO     ___FILE_ONLY___  
2019-02-14 22:51:48,206 INFO     ___FILE_ONLY___ │ 
2019-02-14 22:51:48,206 INFO     ___FILE_ONLY___   3.6 MiB
2019-02-14 22:51:48,206 INFO     ___FILE_ONLY___  
2019-02-14 22:51:48,206 INFO     ___FILE_ONLY___ │
2019-02-14 22:51:48,207 INFO     ___FILE_ONLY___ 

2019-02-14 22:51:48,207 INFO     ___FILE_ONLY___ └───────────────┴──────────────────────────────────────────────────────┴──────────────────────────┴───────────┘
2019-02-14 22:51:48,207 INFO     ___FILE_ONLY___ 

2019-02-14 22:51:48,207 INFO     ___FILE_ONLY___ To install or remove components at your current SDK version [234.0.0], run:
  $ gcloud components install COMPONENT_ID
  $ gcloud components remove COMPONENT_ID

To update your SDK installation to the latest version [234.0.0], run:
  $ gcloud components update


